<?xml version="1.0" encoding="UTF-8"?>
<testsuite xmlns:xsi="http://www.w3.org/2001/XMLSchema-instance" xsi:noNamespaceSchemaLocation="https://maven.apache.org/surefire/maven-surefire-plugin/xsd/surefire-test-report-3.0.xsd" version="3.0" name="com.csc340IA2.APIPrototype.ApiPrototypeApplicationTests" time="5.868" tests="1" errors="0" skipped="0" failures="0">
  <properties>
[...]
</properties>
  <testcase name="contextLoads" classname="com.csc340IA2.APIPrototype.ApiPrototypeApplicationTests" time="1.557">
    <system-out><![CDATA[22:59:40.730 [main] INFO org.springframework.test.context.support.AnnotationConfigContextLoaderUtils -- Could not detect default configuration classes for test class [com.csc340IA2.APIPrototype.ApiPrototypeApplicationTests]: ApiPrototypeApplicationTests does not declare any static, non-private, non-final, nested classes annotated with @Configuration.
22:59:40.910 [main] INFO org.springframework.boot.test.context.SpringBootTestContextBootstrapper -- Found @SpringBootConfiguration com.csc340IA2.APIPrototype.ApiPrototypeApplication for test class com.csc340IA2.APIPrototype.ApiPrototypeApplicationTests

  .   ____          _            __ _ _
 /\\ / ___'_ __ _ _(_)_ __  __ _ \ \ \ \
( ( )\___ | '_ | '_| | '_ \/ _` | \ \ \ \
 \\/  ___)| |_)| | | | | || (_| |  ) ) ) )
  '  |____| .__|_| |_|_| |_\__, | / / / /
 =========|_|==============|___/=/_/_/_/
 :: Spring Boot ::                (v3.1.3)

2023-09-08T22:59:41.622-04:00  INFO 15248 --- [           main] c.c.A.ApiPrototypeApplicationTests       : Starting ApiPrototypeApplicationTests using Java 17.0.2 with PID 15248 (started by cssan in C:\Users\cssan\Downloads\API-Prototype)
2023-09-08T22:59:41.625-04:00  INFO 15248 --- [           main] c.c.A.ApiPrototypeApplicationTests       : No active profile set, falling back to 1 default profile: "default"
2023-09-08T22:59:43.446-04:00  INFO 15248 --- [           main] c.c.A.ApiPrototypeApplicationTests       : Started ApiPrototypeApplicationTests in 2.267 seconds (process running for 3.906)
Category: Beef
Category: Chicken
Category: Dessert
Category: Lamb
Category: Miscellaneous
Category: Pasta
Category: Pork
Category: Seafood
Category: Side
Category: Starter
Category: Vegan
Category: Vegetarian
Category: Breakfast
Category: Goat
]]></system-out>
  </testcase>
</testsuite>